01/31 11:00:38 [DEBUG] LogFactory: Logging initialized using 'class org.apache.ibatis.logging.slf4j.Slf4jImpl' adapter.
01/31 11:00:38 [DEBUG] PooledDataSource: PooledDataSource forcefully closed/removed all connections.
01/31 11:00:38 [DEBUG] PooledDataSource: PooledDataSource forcefully closed/removed all connections.
01/31 11:00:38 [DEBUG] PooledDataSource: PooledDataSource forcefully closed/removed all connections.
01/31 11:00:38 [DEBUG] PooledDataSource: PooledDataSource forcefully closed/removed all connections.
01/31 11:07:39 [DEBUG] LogFactory: Logging initialized using 'class org.apache.ibatis.logging.slf4j.Slf4jImpl' adapter.
01/31 11:07:39 [DEBUG] PooledDataSource: PooledDataSource forcefully closed/removed all connections.
01/31 11:07:39 [DEBUG] PooledDataSource: PooledDataSource forcefully closed/removed all connections.
01/31 11:07:39 [DEBUG] PooledDataSource: PooledDataSource forcefully closed/removed all connections.
01/31 11:07:39 [DEBUG] PooledDataSource: PooledDataSource forcefully closed/removed all connections.
01/31 11:09:25 [DEBUG] LogFactory: Logging initialized using 'class org.apache.ibatis.logging.slf4j.Slf4jImpl' adapter.
01/31 11:09:25 [DEBUG] PooledDataSource: PooledDataSource forcefully closed/removed all connections.
01/31 11:09:25 [DEBUG] PooledDataSource: PooledDataSource forcefully closed/removed all connections.
01/31 11:09:25 [DEBUG] PooledDataSource: PooledDataSource forcefully closed/removed all connections.
01/31 11:09:25 [DEBUG] PooledDataSource: PooledDataSource forcefully closed/removed all connections.
01/31 11:10:55 [DEBUG] LogFactory: Logging initialized using 'class org.apache.ibatis.logging.slf4j.Slf4jImpl' adapter.
01/31 11:10:55 [DEBUG] PooledDataSource: PooledDataSource forcefully closed/removed all connections.
01/31 11:10:55 [DEBUG] PooledDataSource: PooledDataSource forcefully closed/removed all connections.
01/31 11:10:55 [DEBUG] PooledDataSource: PooledDataSource forcefully closed/removed all connections.
01/31 11:10:55 [DEBUG] PooledDataSource: PooledDataSource forcefully closed/removed all connections.
01/31 11:12:23 [DEBUG] LogFactory: Logging initialized using 'class org.apache.ibatis.logging.slf4j.Slf4jImpl' adapter.
01/31 11:12:23 [DEBUG] PooledDataSource: PooledDataSource forcefully closed/removed all connections.
01/31 11:12:23 [DEBUG] PooledDataSource: PooledDataSource forcefully closed/removed all connections.
01/31 11:12:23 [DEBUG] PooledDataSource: PooledDataSource forcefully closed/removed all connections.
01/31 11:12:23 [DEBUG] PooledDataSource: PooledDataSource forcefully closed/removed all connections.
01/31 11:13:42 [DEBUG] LogFactory: Logging initialized using 'class org.apache.ibatis.logging.slf4j.Slf4jImpl' adapter.
01/31 11:13:42 [DEBUG] PooledDataSource: PooledDataSource forcefully closed/removed all connections.
01/31 11:13:42 [DEBUG] PooledDataSource: PooledDataSource forcefully closed/removed all connections.
01/31 11:13:42 [DEBUG] PooledDataSource: PooledDataSource forcefully closed/removed all connections.
01/31 11:13:42 [DEBUG] PooledDataSource: PooledDataSource forcefully closed/removed all connections.
01/31 11:13:42 [DEBUG] JdbcTransaction: Opening JDBC Connection
01/31 11:13:42 [DEBUG] PooledDataSource: Created connection 1497973285.
01/31 11:13:42 [DEBUG] JdbcTransaction: Setting autocommit to false on JDBC Connection [com.mysql.jdbc.JDBC4Connection@59494225]
01/31 11:13:42 [DEBUG] insert: ==>  Preparing: insert into userMybatis(user_id,user_name,password,status) values( ?, ?, ?, ? ) 
01/31 11:13:42 [DEBUG] insert: ==> Parameters: 8e442382-ef13-4bd4-8b99-801328f9adaa(String), yang(String), 123456(String), 01(String)
01/31 11:13:42 [DEBUG] insert: <==    Updates: 1
01/31 11:13:42 [DEBUG] JdbcTransaction: Committing JDBC Connection [com.mysql.jdbc.JDBC4Connection@59494225]
01/31 11:13:42 [DEBUG] JdbcTransaction: Resetting autocommit to true on JDBC Connection [com.mysql.jdbc.JDBC4Connection@59494225]
01/31 11:13:42 [DEBUG] JdbcTransaction: Closing JDBC Connection [com.mysql.jdbc.JDBC4Connection@59494225]
01/31 11:13:42 [DEBUG] PooledDataSource: Returned connection 1497973285 to pool.
01/31 13:24:46 [DEBUG] LogFactory: Logging initialized using 'class org.apache.ibatis.logging.slf4j.Slf4jImpl' adapter.
01/31 13:24:46 [DEBUG] PooledDataSource: PooledDataSource forcefully closed/removed all connections.
01/31 13:24:46 [DEBUG] PooledDataSource: PooledDataSource forcefully closed/removed all connections.
01/31 13:24:46 [DEBUG] PooledDataSource: PooledDataSource forcefully closed/removed all connections.
01/31 13:24:46 [DEBUG] PooledDataSource: PooledDataSource forcefully closed/removed all connections.
01/31 13:24:46 [DEBUG] JdbcTransaction: Opening JDBC Connection
01/31 13:24:46 [DEBUG] PooledDataSource: Created connection 1007603019.
01/31 13:24:46 [DEBUG] JdbcTransaction: Setting autocommit to false on JDBC Connection [com.mysql.jdbc.JDBC4Connection@3c0ecd4b]
01/31 13:24:46 [DEBUG] remove: ==>  Preparing: delete from userMybatis where user_name=? 
01/31 13:24:46 [DEBUG] remove: ==> Parameters: yang(String)
01/31 13:24:46 [DEBUG] remove: <==    Updates: 1
01/31 13:27:43 [DEBUG] LogFactory: Logging initialized using 'class org.apache.ibatis.logging.slf4j.Slf4jImpl' adapter.
01/31 13:27:43 [DEBUG] PooledDataSource: PooledDataSource forcefully closed/removed all connections.
01/31 13:27:43 [DEBUG] PooledDataSource: PooledDataSource forcefully closed/removed all connections.
01/31 13:27:43 [DEBUG] PooledDataSource: PooledDataSource forcefully closed/removed all connections.
01/31 13:27:43 [DEBUG] PooledDataSource: PooledDataSource forcefully closed/removed all connections.
01/31 13:27:43 [DEBUG] JdbcTransaction: Opening JDBC Connection
01/31 13:27:43 [DEBUG] PooledDataSource: Created connection 1007603019.
01/31 13:27:43 [DEBUG] JdbcTransaction: Setting autocommit to false on JDBC Connection [com.mysql.jdbc.JDBC4Connection@3c0ecd4b]
01/31 13:27:43 [DEBUG] remove: ==>  Preparing: delete from userMybatis where user_name=? 
01/31 13:27:43 [DEBUG] remove: ==> Parameters: yang(String)
01/31 13:27:43 [DEBUG] remove: <==    Updates: 1
01/31 13:29:17 [DEBUG] LogFactory: Logging initialized using 'class org.apache.ibatis.logging.slf4j.Slf4jImpl' adapter.
01/31 13:29:17 [DEBUG] PooledDataSource: PooledDataSource forcefully closed/removed all connections.
01/31 13:29:17 [DEBUG] PooledDataSource: PooledDataSource forcefully closed/removed all connections.
01/31 13:29:17 [DEBUG] PooledDataSource: PooledDataSource forcefully closed/removed all connections.
01/31 13:29:17 [DEBUG] PooledDataSource: PooledDataSource forcefully closed/removed all connections.
01/31 13:29:17 [DEBUG] JdbcTransaction: Opening JDBC Connection
01/31 13:29:17 [DEBUG] PooledDataSource: Created connection 1007603019.
01/31 13:29:17 [DEBUG] JdbcTransaction: Setting autocommit to false on JDBC Connection [com.mysql.jdbc.JDBC4Connection@3c0ecd4b]
01/31 13:29:17 [DEBUG] remove: ==>  Preparing: delete from userMybatis where user_name=? 
01/31 13:29:17 [DEBUG] remove: ==> Parameters: yang(String)
01/31 13:29:17 [DEBUG] remove: <==    Updates: 1
01/31 13:30:13 [DEBUG] LogFactory: Logging initialized using 'class org.apache.ibatis.logging.slf4j.Slf4jImpl' adapter.
01/31 13:30:13 [DEBUG] PooledDataSource: PooledDataSource forcefully closed/removed all connections.
01/31 13:30:13 [DEBUG] PooledDataSource: PooledDataSource forcefully closed/removed all connections.
01/31 13:30:13 [DEBUG] PooledDataSource: PooledDataSource forcefully closed/removed all connections.
01/31 13:30:13 [DEBUG] PooledDataSource: PooledDataSource forcefully closed/removed all connections.
01/31 13:30:13 [DEBUG] JdbcTransaction: Opening JDBC Connection
01/31 13:30:13 [DEBUG] PooledDataSource: Created connection 1007603019.
01/31 13:30:13 [DEBUG] JdbcTransaction: Setting autocommit to false on JDBC Connection [com.mysql.jdbc.JDBC4Connection@3c0ecd4b]
01/31 13:30:13 [DEBUG] remove: ==>  Preparing: delete from userMybatis where user_name=? 
01/31 13:30:13 [DEBUG] remove: ==> Parameters: yang(String)
01/31 13:30:13 [DEBUG] remove: <==    Updates: 1
01/31 13:31:25 [DEBUG] LogFactory: Logging initialized using 'class org.apache.ibatis.logging.slf4j.Slf4jImpl' adapter.
01/31 13:31:25 [DEBUG] PooledDataSource: PooledDataSource forcefully closed/removed all connections.
01/31 13:31:25 [DEBUG] PooledDataSource: PooledDataSource forcefully closed/removed all connections.
01/31 13:31:25 [DEBUG] PooledDataSource: PooledDataSource forcefully closed/removed all connections.
01/31 13:31:25 [DEBUG] PooledDataSource: PooledDataSource forcefully closed/removed all connections.
01/31 13:31:25 [DEBUG] JdbcTransaction: Opening JDBC Connection
01/31 13:31:25 [DEBUG] PooledDataSource: Created connection 1497973285.
01/31 13:31:25 [DEBUG] JdbcTransaction: Setting autocommit to false on JDBC Connection [com.mysql.jdbc.JDBC4Connection@59494225]
01/31 13:31:25 [DEBUG] insert: ==>  Preparing: insert into userMybatis(user_id,user_name,password,status) values( ?, ?, ?, ? ) 
01/31 13:31:25 [DEBUG] insert: ==> Parameters: a8d151c3-415a-49b8-b54a-020541ee881a(String), yang(String), 123456(String), 01(String)
01/31 13:31:25 [DEBUG] insert: <==    Updates: 1
01/31 13:31:25 [DEBUG] JdbcTransaction: Committing JDBC Connection [com.mysql.jdbc.JDBC4Connection@59494225]
01/31 13:31:25 [DEBUG] JdbcTransaction: Resetting autocommit to true on JDBC Connection [com.mysql.jdbc.JDBC4Connection@59494225]
01/31 13:31:25 [DEBUG] JdbcTransaction: Closing JDBC Connection [com.mysql.jdbc.JDBC4Connection@59494225]
01/31 13:31:25 [DEBUG] PooledDataSource: Returned connection 1497973285 to pool.
01/31 13:31:43 [DEBUG] LogFactory: Logging initialized using 'class org.apache.ibatis.logging.slf4j.Slf4jImpl' adapter.
01/31 13:31:43 [DEBUG] PooledDataSource: PooledDataSource forcefully closed/removed all connections.
01/31 13:31:43 [DEBUG] PooledDataSource: PooledDataSource forcefully closed/removed all connections.
01/31 13:31:43 [DEBUG] PooledDataSource: PooledDataSource forcefully closed/removed all connections.
01/31 13:31:43 [DEBUG] PooledDataSource: PooledDataSource forcefully closed/removed all connections.
01/31 13:31:43 [DEBUG] JdbcTransaction: Opening JDBC Connection
01/31 13:31:43 [DEBUG] PooledDataSource: Created connection 915416632.
01/31 13:31:43 [DEBUG] JdbcTransaction: Setting autocommit to false on JDBC Connection [com.mysql.jdbc.JDBC4Connection@36902638]
01/31 13:31:43 [DEBUG] remove: ==>  Preparing: delete from userMybatis where user_name=? 
01/31 13:31:43 [DEBUG] remove: ==> Parameters: yang(String)
01/31 13:31:44 [DEBUG] remove: <==    Updates: 1
01/31 13:32:11 [DEBUG] LogFactory: Logging initialized using 'class org.apache.ibatis.logging.slf4j.Slf4jImpl' adapter.
01/31 13:32:11 [DEBUG] PooledDataSource: PooledDataSource forcefully closed/removed all connections.
01/31 13:32:11 [DEBUG] PooledDataSource: PooledDataSource forcefully closed/removed all connections.
01/31 13:32:11 [DEBUG] PooledDataSource: PooledDataSource forcefully closed/removed all connections.
01/31 13:32:11 [DEBUG] PooledDataSource: PooledDataSource forcefully closed/removed all connections.
01/31 13:32:11 [DEBUG] JdbcTransaction: Opening JDBC Connection
01/31 13:32:11 [DEBUG] PooledDataSource: Created connection 1007603019.
01/31 13:32:11 [DEBUG] JdbcTransaction: Setting autocommit to false on JDBC Connection [com.mysql.jdbc.JDBC4Connection@3c0ecd4b]
01/31 13:32:11 [DEBUG] remove: ==>  Preparing: delete from userMybatis where user_name=? 
01/31 13:32:11 [DEBUG] remove: ==> Parameters: yang(String)
01/31 13:32:11 [DEBUG] remove: <==    Updates: 1
01/31 13:32:58 [DEBUG] LogFactory: Logging initialized using 'class org.apache.ibatis.logging.slf4j.Slf4jImpl' adapter.
01/31 13:32:58 [DEBUG] PooledDataSource: PooledDataSource forcefully closed/removed all connections.
01/31 13:32:58 [DEBUG] PooledDataSource: PooledDataSource forcefully closed/removed all connections.
01/31 13:32:58 [DEBUG] PooledDataSource: PooledDataSource forcefully closed/removed all connections.
01/31 13:32:58 [DEBUG] PooledDataSource: PooledDataSource forcefully closed/removed all connections.
01/31 13:32:58 [DEBUG] JdbcTransaction: Opening JDBC Connection
01/31 13:32:58 [DEBUG] PooledDataSource: Created connection 1007603019.
01/31 13:32:58 [DEBUG] JdbcTransaction: Setting autocommit to false on JDBC Connection [com.mysql.jdbc.JDBC4Connection@3c0ecd4b]
01/31 13:32:58 [DEBUG] remove: ==>  Preparing: delete from userMybatis where user_name=? 
01/31 13:32:58 [DEBUG] remove: ==> Parameters: yang(String)
01/31 13:32:58 [DEBUG] remove: <==    Updates: 1
01/31 13:32:58 [DEBUG] JdbcTransaction: Committing JDBC Connection [com.mysql.jdbc.JDBC4Connection@3c0ecd4b]
01/31 13:32:58 [DEBUG] JdbcTransaction: Resetting autocommit to true on JDBC Connection [com.mysql.jdbc.JDBC4Connection@3c0ecd4b]
01/31 13:32:58 [DEBUG] JdbcTransaction: Closing JDBC Connection [com.mysql.jdbc.JDBC4Connection@3c0ecd4b]
01/31 13:32:58 [DEBUG] PooledDataSource: Returned connection 1007603019 to pool.
01/31 13:35:52 [DEBUG] LogFactory: Logging initialized using 'class org.apache.ibatis.logging.slf4j.Slf4jImpl' adapter.
01/31 13:35:52 [DEBUG] PooledDataSource: PooledDataSource forcefully closed/removed all connections.
01/31 13:35:52 [DEBUG] PooledDataSource: PooledDataSource forcefully closed/removed all connections.
01/31 13:35:52 [DEBUG] PooledDataSource: PooledDataSource forcefully closed/removed all connections.
01/31 13:35:52 [DEBUG] PooledDataSource: PooledDataSource forcefully closed/removed all connections.
01/31 13:35:52 [DEBUG] JdbcTransaction: Opening JDBC Connection
01/31 13:35:52 [DEBUG] PooledDataSource: Created connection 915416632.
01/31 13:35:52 [DEBUG] JdbcTransaction: Setting autocommit to false on JDBC Connection [com.mysql.jdbc.JDBC4Connection@36902638]
01/31 13:35:52 [DEBUG] remove: ==>  Preparing: delete from userMybatis where user_name=? 
01/31 13:35:52 [DEBUG] remove: ==> Parameters: yang(String)
01/31 13:35:52 [DEBUG] remove: <==    Updates: 0
01/31 13:35:52 [DEBUG] JdbcTransaction: Committing JDBC Connection [com.mysql.jdbc.JDBC4Connection@36902638]
01/31 13:35:52 [DEBUG] JdbcTransaction: Resetting autocommit to true on JDBC Connection [com.mysql.jdbc.JDBC4Connection@36902638]
01/31 13:35:52 [DEBUG] JdbcTransaction: Closing JDBC Connection [com.mysql.jdbc.JDBC4Connection@36902638]
01/31 13:35:52 [DEBUG] PooledDataSource: Returned connection 915416632 to pool.
01/31 13:36:09 [DEBUG] LogFactory: Logging initialized using 'class org.apache.ibatis.logging.slf4j.Slf4jImpl' adapter.
01/31 13:36:09 [DEBUG] PooledDataSource: PooledDataSource forcefully closed/removed all connections.
01/31 13:36:09 [DEBUG] PooledDataSource: PooledDataSource forcefully closed/removed all connections.
01/31 13:36:09 [DEBUG] PooledDataSource: PooledDataSource forcefully closed/removed all connections.
01/31 13:36:09 [DEBUG] PooledDataSource: PooledDataSource forcefully closed/removed all connections.
01/31 13:36:09 [DEBUG] JdbcTransaction: Opening JDBC Connection
01/31 13:36:09 [DEBUG] PooledDataSource: Created connection 1497973285.
01/31 13:36:09 [DEBUG] JdbcTransaction: Setting autocommit to false on JDBC Connection [com.mysql.jdbc.JDBC4Connection@59494225]
01/31 13:36:09 [DEBUG] insert: ==>  Preparing: insert into userMybatis(user_id,user_name,password,status) values( ?, ?, ?, ? ) 
01/31 13:36:09 [DEBUG] insert: ==> Parameters: 54f5e470-705f-439c-9245-07f86ec6891e(String), yang(String), 123456(String), 01(String)
01/31 13:36:09 [DEBUG] insert: <==    Updates: 1
01/31 13:36:09 [DEBUG] JdbcTransaction: Committing JDBC Connection [com.mysql.jdbc.JDBC4Connection@59494225]
01/31 13:36:09 [DEBUG] JdbcTransaction: Resetting autocommit to true on JDBC Connection [com.mysql.jdbc.JDBC4Connection@59494225]
01/31 13:36:09 [DEBUG] JdbcTransaction: Closing JDBC Connection [com.mysql.jdbc.JDBC4Connection@59494225]
01/31 13:36:09 [DEBUG] PooledDataSource: Returned connection 1497973285 to pool.
01/31 13:36:42 [DEBUG] LogFactory: Logging initialized using 'class org.apache.ibatis.logging.slf4j.Slf4jImpl' adapter.
01/31 13:36:42 [DEBUG] PooledDataSource: PooledDataSource forcefully closed/removed all connections.
01/31 13:36:42 [DEBUG] PooledDataSource: PooledDataSource forcefully closed/removed all connections.
01/31 13:36:42 [DEBUG] PooledDataSource: PooledDataSource forcefully closed/removed all connections.
01/31 13:36:42 [DEBUG] PooledDataSource: PooledDataSource forcefully closed/removed all connections.
01/31 13:36:42 [DEBUG] JdbcTransaction: Opening JDBC Connection
01/31 13:36:42 [DEBUG] PooledDataSource: Created connection 1007603019.
01/31 13:36:42 [DEBUG] JdbcTransaction: Setting autocommit to false on JDBC Connection [com.mysql.jdbc.JDBC4Connection@3c0ecd4b]
01/31 13:36:42 [DEBUG] remove: ==>  Preparing: delete from userMybatis 
01/31 13:36:42 [DEBUG] remove: ==> Parameters: 
01/31 13:36:42 [DEBUG] remove: <==    Updates: 1
01/31 13:36:42 [DEBUG] JdbcTransaction: Committing JDBC Connection [com.mysql.jdbc.JDBC4Connection@3c0ecd4b]
01/31 13:36:42 [DEBUG] JdbcTransaction: Resetting autocommit to true on JDBC Connection [com.mysql.jdbc.JDBC4Connection@3c0ecd4b]
01/31 13:36:42 [DEBUG] JdbcTransaction: Closing JDBC Connection [com.mysql.jdbc.JDBC4Connection@3c0ecd4b]
01/31 13:36:42 [DEBUG] PooledDataSource: Returned connection 1007603019 to pool.
01/31 13:42:24 [DEBUG] LogFactory: Logging initialized using 'class org.apache.ibatis.logging.slf4j.Slf4jImpl' adapter.
01/31 13:42:24 [DEBUG] PooledDataSource: PooledDataSource forcefully closed/removed all connections.
01/31 13:42:24 [DEBUG] PooledDataSource: PooledDataSource forcefully closed/removed all connections.
01/31 13:42:24 [DEBUG] PooledDataSource: PooledDataSource forcefully closed/removed all connections.
01/31 13:42:24 [DEBUG] PooledDataSource: PooledDataSource forcefully closed/removed all connections.
01/31 13:42:51 [DEBUG] LogFactory: Logging initialized using 'class org.apache.ibatis.logging.slf4j.Slf4jImpl' adapter.
01/31 13:42:51 [DEBUG] PooledDataSource: PooledDataSource forcefully closed/removed all connections.
01/31 13:42:51 [DEBUG] PooledDataSource: PooledDataSource forcefully closed/removed all connections.
01/31 13:42:51 [DEBUG] PooledDataSource: PooledDataSource forcefully closed/removed all connections.
01/31 13:42:51 [DEBUG] PooledDataSource: PooledDataSource forcefully closed/removed all connections.
01/31 13:44:49 [DEBUG] LogFactory: Logging initialized using 'class org.apache.ibatis.logging.slf4j.Slf4jImpl' adapter.
01/31 13:44:49 [DEBUG] PooledDataSource: PooledDataSource forcefully closed/removed all connections.
01/31 13:44:49 [DEBUG] PooledDataSource: PooledDataSource forcefully closed/removed all connections.
01/31 13:44:49 [DEBUG] PooledDataSource: PooledDataSource forcefully closed/removed all connections.
01/31 13:44:49 [DEBUG] PooledDataSource: PooledDataSource forcefully closed/removed all connections.
01/31 13:44:49 [DEBUG] JdbcTransaction: Opening JDBC Connection
01/31 13:44:49 [DEBUG] PooledDataSource: Created connection 2005169944.
01/31 13:44:49 [DEBUG] JdbcTransaction: Setting autocommit to false on JDBC Connection [com.mysql.jdbc.JDBC4Connection@77847718]
01/31 13:44:49 [DEBUG] selectCount: ==>  Preparing: select count(*) from userMybatis 
01/31 13:44:49 [DEBUG] selectCount: ==> Parameters: 
01/31 13:44:49 [DEBUG] selectCount: <==      Total: 1
01/31 13:44:49 [DEBUG] select: ==>  Preparing: select * from userMybatis WHERE user_id=? 
01/31 13:44:49 [DEBUG] select: ==> Parameters: 345b8653-b6a3-4b21-bcba-d81ea5ede91b(String)
01/31 13:44:49 [DEBUG] select: <==      Total: 0
01/31 13:44:49 [DEBUG] JdbcTransaction: Resetting autocommit to true on JDBC Connection [com.mysql.jdbc.JDBC4Connection@77847718]
01/31 13:44:49 [DEBUG] JdbcTransaction: Closing JDBC Connection [com.mysql.jdbc.JDBC4Connection@77847718]
01/31 13:44:49 [DEBUG] PooledDataSource: Returned connection 2005169944 to pool.
01/31 13:45:32 [DEBUG] LogFactory: Logging initialized using 'class org.apache.ibatis.logging.slf4j.Slf4jImpl' adapter.
01/31 13:45:32 [DEBUG] PooledDataSource: PooledDataSource forcefully closed/removed all connections.
01/31 13:45:32 [DEBUG] PooledDataSource: PooledDataSource forcefully closed/removed all connections.
01/31 13:45:32 [DEBUG] PooledDataSource: PooledDataSource forcefully closed/removed all connections.
01/31 13:45:32 [DEBUG] PooledDataSource: PooledDataSource forcefully closed/removed all connections.
01/31 13:45:32 [DEBUG] JdbcTransaction: Opening JDBC Connection
01/31 13:45:32 [DEBUG] PooledDataSource: Created connection 2005169944.
01/31 13:45:32 [DEBUG] JdbcTransaction: Setting autocommit to false on JDBC Connection [com.mysql.jdbc.JDBC4Connection@77847718]
01/31 13:45:32 [DEBUG] selectCount: ==>  Preparing: select count(*) from userMybatis 
01/31 13:45:32 [DEBUG] selectCount: ==> Parameters: 
01/31 13:45:32 [DEBUG] selectCount: <==      Total: 1
01/31 13:45:32 [DEBUG] select: ==>  Preparing: select * from userMybatis WHERE user_id=? 
01/31 13:45:32 [DEBUG] select: ==> Parameters: 54f5e470-705f-439c-9245-07f86ec6891e(String)
01/31 13:45:32 [DEBUG] select: <==      Total: 0
01/31 13:45:32 [DEBUG] JdbcTransaction: Resetting autocommit to true on JDBC Connection [com.mysql.jdbc.JDBC4Connection@77847718]
01/31 13:45:32 [DEBUG] JdbcTransaction: Closing JDBC Connection [com.mysql.jdbc.JDBC4Connection@77847718]
01/31 13:45:32 [DEBUG] PooledDataSource: Returned connection 2005169944 to pool.
01/31 13:46:47 [DEBUG] LogFactory: Logging initialized using 'class org.apache.ibatis.logging.slf4j.Slf4jImpl' adapter.
01/31 13:46:47 [DEBUG] PooledDataSource: PooledDataSource forcefully closed/removed all connections.
01/31 13:46:47 [DEBUG] PooledDataSource: PooledDataSource forcefully closed/removed all connections.
01/31 13:46:47 [DEBUG] PooledDataSource: PooledDataSource forcefully closed/removed all connections.
01/31 13:46:47 [DEBUG] PooledDataSource: PooledDataSource forcefully closed/removed all connections.
01/31 13:46:47 [DEBUG] JdbcTransaction: Opening JDBC Connection
01/31 13:46:47 [DEBUG] PooledDataSource: Created connection 1486371051.
01/31 13:46:47 [DEBUG] JdbcTransaction: Setting autocommit to false on JDBC Connection [com.mysql.jdbc.JDBC4Connection@589838eb]
01/31 13:46:47 [DEBUG] selectCount: ==>  Preparing: select count(*) from userMybatis 
01/31 13:46:47 [DEBUG] selectCount: ==> Parameters: 
01/31 13:46:47 [DEBUG] selectCount: <==      Total: 1
01/31 13:46:47 [DEBUG] select: ==>  Preparing: select * from userMybatis WHERE user_id=? 
01/31 13:46:47 [DEBUG] select: ==> Parameters: 54f5e470-705f-439c-9245-07f86ec6891e(String)
01/31 13:46:47 [DEBUG] select: <==      Total: 0
01/31 13:46:47 [DEBUG] JdbcTransaction: Resetting autocommit to true on JDBC Connection [com.mysql.jdbc.JDBC4Connection@589838eb]
01/31 13:46:47 [DEBUG] JdbcTransaction: Closing JDBC Connection [com.mysql.jdbc.JDBC4Connection@589838eb]
01/31 13:46:47 [DEBUG] PooledDataSource: Returned connection 1486371051 to pool.
01/31 13:47:03 [DEBUG] LogFactory: Logging initialized using 'class org.apache.ibatis.logging.slf4j.Slf4jImpl' adapter.
01/31 13:47:03 [DEBUG] PooledDataSource: PooledDataSource forcefully closed/removed all connections.
01/31 13:47:03 [DEBUG] PooledDataSource: PooledDataSource forcefully closed/removed all connections.
01/31 13:47:03 [DEBUG] PooledDataSource: PooledDataSource forcefully closed/removed all connections.
01/31 13:47:03 [DEBUG] PooledDataSource: PooledDataSource forcefully closed/removed all connections.
01/31 13:47:03 [DEBUG] JdbcTransaction: Opening JDBC Connection
01/31 13:47:03 [DEBUG] PooledDataSource: Created connection 1486371051.
01/31 13:47:03 [DEBUG] JdbcTransaction: Setting autocommit to false on JDBC Connection [com.mysql.jdbc.JDBC4Connection@589838eb]
01/31 13:47:03 [DEBUG] selectCount: ==>  Preparing: select count(*) from userMybatis 
01/31 13:47:03 [DEBUG] selectCount: ==> Parameters: 
01/31 13:47:03 [DEBUG] selectCount: <==      Total: 1
01/31 13:47:03 [DEBUG] select: ==>  Preparing: select * from userMybatis WHERE user_id=? 
01/31 13:47:03 [DEBUG] select: ==> Parameters: 54f5e470-705f-439c-9245-07f86ec6891e(String)
01/31 13:47:03 [DEBUG] select: <==      Total: 0
01/31 13:47:03 [DEBUG] JdbcTransaction: Resetting autocommit to true on JDBC Connection [com.mysql.jdbc.JDBC4Connection@589838eb]
01/31 13:47:03 [DEBUG] JdbcTransaction: Closing JDBC Connection [com.mysql.jdbc.JDBC4Connection@589838eb]
01/31 13:47:03 [DEBUG] PooledDataSource: Returned connection 1486371051 to pool.
01/31 13:47:32 [DEBUG] LogFactory: Logging initialized using 'class org.apache.ibatis.logging.slf4j.Slf4jImpl' adapter.
01/31 13:47:32 [DEBUG] PooledDataSource: PooledDataSource forcefully closed/removed all connections.
01/31 13:47:32 [DEBUG] PooledDataSource: PooledDataSource forcefully closed/removed all connections.
01/31 13:47:32 [DEBUG] PooledDataSource: PooledDataSource forcefully closed/removed all connections.
01/31 13:47:32 [DEBUG] PooledDataSource: PooledDataSource forcefully closed/removed all connections.
01/31 13:47:33 [DEBUG] JdbcTransaction: Opening JDBC Connection
01/31 13:47:33 [DEBUG] PooledDataSource: Created connection 883151184.
01/31 13:47:33 [DEBUG] JdbcTransaction: Setting autocommit to false on JDBC Connection [com.mysql.jdbc.JDBC4Connection@34a3d150]
01/31 13:47:33 [DEBUG] insert: ==>  Preparing: insert into userMybatis(user_id,user_name,password,status) values( ?, ?, ?, ? ) 
01/31 13:47:33 [DEBUG] insert: ==> Parameters: 0e3dee23-a282-4bcb-b5c2-94fbd86bec54(String), yang(String), 123456(String), 01(String)
01/31 13:47:33 [DEBUG] insert: <==    Updates: 1
01/31 13:47:33 [DEBUG] JdbcTransaction: Committing JDBC Connection [com.mysql.jdbc.JDBC4Connection@34a3d150]
01/31 13:47:33 [DEBUG] JdbcTransaction: Resetting autocommit to true on JDBC Connection [com.mysql.jdbc.JDBC4Connection@34a3d150]
01/31 13:47:33 [DEBUG] JdbcTransaction: Closing JDBC Connection [com.mysql.jdbc.JDBC4Connection@34a3d150]
01/31 13:47:33 [DEBUG] PooledDataSource: Returned connection 883151184 to pool.
01/31 13:47:42 [DEBUG] LogFactory: Logging initialized using 'class org.apache.ibatis.logging.slf4j.Slf4jImpl' adapter.
01/31 13:47:42 [DEBUG] PooledDataSource: PooledDataSource forcefully closed/removed all connections.
01/31 13:47:42 [DEBUG] PooledDataSource: PooledDataSource forcefully closed/removed all connections.
01/31 13:47:42 [DEBUG] PooledDataSource: PooledDataSource forcefully closed/removed all connections.
01/31 13:47:42 [DEBUG] PooledDataSource: PooledDataSource forcefully closed/removed all connections.
01/31 13:47:42 [DEBUG] JdbcTransaction: Opening JDBC Connection
01/31 13:47:42 [DEBUG] PooledDataSource: Created connection 1486371051.
01/31 13:47:42 [DEBUG] JdbcTransaction: Setting autocommit to false on JDBC Connection [com.mysql.jdbc.JDBC4Connection@589838eb]
01/31 13:47:42 [DEBUG] selectCount: ==>  Preparing: select count(*) from userMybatis 
01/31 13:47:42 [DEBUG] selectCount: ==> Parameters: 
01/31 13:47:42 [DEBUG] selectCount: <==      Total: 1
01/31 13:47:42 [DEBUG] select: ==>  Preparing: select * from userMybatis WHERE user_id=? 
01/31 13:47:42 [DEBUG] select: ==> Parameters: 54f5e470-705f-439c-9245-07f86ec6891e(String)
01/31 13:47:42 [DEBUG] select: <==      Total: 0
01/31 13:47:42 [DEBUG] JdbcTransaction: Resetting autocommit to true on JDBC Connection [com.mysql.jdbc.JDBC4Connection@589838eb]
01/31 13:47:42 [DEBUG] JdbcTransaction: Closing JDBC Connection [com.mysql.jdbc.JDBC4Connection@589838eb]
01/31 13:47:42 [DEBUG] PooledDataSource: Returned connection 1486371051 to pool.
01/31 13:48:04 [DEBUG] LogFactory: Logging initialized using 'class org.apache.ibatis.logging.slf4j.Slf4jImpl' adapter.
01/31 13:48:04 [DEBUG] PooledDataSource: PooledDataSource forcefully closed/removed all connections.
01/31 13:48:04 [DEBUG] PooledDataSource: PooledDataSource forcefully closed/removed all connections.
01/31 13:48:04 [DEBUG] PooledDataSource: PooledDataSource forcefully closed/removed all connections.
01/31 13:48:04 [DEBUG] PooledDataSource: PooledDataSource forcefully closed/removed all connections.
01/31 13:48:04 [DEBUG] JdbcTransaction: Opening JDBC Connection
01/31 13:48:04 [DEBUG] PooledDataSource: Created connection 2005169944.
01/31 13:48:04 [DEBUG] JdbcTransaction: Setting autocommit to false on JDBC Connection [com.mysql.jdbc.JDBC4Connection@77847718]
01/31 13:48:04 [DEBUG] selectCount: ==>  Preparing: select count(*) from userMybatis 
01/31 13:48:04 [DEBUG] selectCount: ==> Parameters: 
01/31 13:48:04 [DEBUG] selectCount: <==      Total: 1
01/31 13:48:11 [DEBUG] select: ==>  Preparing: select * from userMybatis WHERE user_id=? 
01/31 13:48:11 [DEBUG] select: ==> Parameters: 0e3dee23-a282-4bcb-b5c2-94fbd86bec54(String)
01/31 13:48:11 [DEBUG] select: <==      Total: 1
01/31 13:48:16 [DEBUG] JdbcTransaction: Resetting autocommit to true on JDBC Connection [com.mysql.jdbc.JDBC4Connection@77847718]
01/31 13:48:16 [DEBUG] JdbcTransaction: Closing JDBC Connection [com.mysql.jdbc.JDBC4Connection@77847718]
01/31 13:48:16 [DEBUG] PooledDataSource: Returned connection 2005169944 to pool.
